<?xml version="1.0" encoding="UTF-8"?>
<testsuite name="NeuralNetTest" tests="1" skipped="0" failures="0" errors="0" timestamp="2024-09-22T23:35:54" hostname="DESKTOP-EPL6R9F" time="0.001">
  <properties/>
  <testcase name="testWeightDimensions" classname="NeuralNetTest" time="0.001"/>
  <system-out><![CDATA[]]></system-out>
  <system-err><![CDATA[]]></system-err>
</testsuite>
